<?xml version="1.0" encoding="UTF-8"?>
<!-- Generated by org.testng.reporters.JUnitReportReporter -->
<testsuite hostname="Sasikumar" failures="0" tests="1" name="org.yatra.tests.RedBus" time="28.266" errors="0" timestamp="2025-07-15T12:26:55 IST" skipped="0">
  <testcase classname="org.yatra.tests.RedBus" name="testOne" time="28.266"/>
</testsuite> <!-- org.yatra.tests.RedBus -->
