<?xml version="1.0" encoding="UTF-8"?>
<!-- Generated by org.testng.reporters.JUnitReportReporter -->
<testsuite hostname="Sasikumar" failures="0" tests="1" name="org.yatra.tests.YatraTest" time="2.409" errors="0" timestamp="2025-07-14T14:58:01 IST" skipped="0">
  <testcase classname="org.yatra.tests.YatraTest" name="testTwo" time="2.409"/>
</testsuite> <!-- org.yatra.tests.YatraTest -->
